[[[[7, 7, 7], [16, 16, 16], [19, 7, 19], [14, 11, 11]],
  [[7, 10, 7], [8, 10, 20], [11, 11, 8], [11, 7, 17]],
  [[14, 20, 14], [13, 11, 11], [9, 9, 19], [20, 20, 15]],
  [[20, 20, 20], [11, 7, 7], [17, 17, 19], [16, 16, 16]]]]
===================================  Medium ( Test )  ====================================
-----------------------------------  Starting new Et  ------------------------------------
-----------------------------------  Eta (0) | Et (0)  -----------------------------------
   Pd (%)          SP (%)          Pf (%)     |        cut        |  (ReferenceBenchmark)  
----------------------------------------  Ringer  ----------------------------------------
99.806+-0.009   91.491+-0.869   16.457+-1.663 |   -0.906+-0.033   |  (Medium_LH_EFCalo_Pd) 
97.334+-0.671   95.229+-0.410    6.851+-0.971 |   -0.021+-0.161   |  (Medium_MaxSP) 
98.572+-0.507   94.478+-0.250    9.529+-0.044 |   -0.394+-0.167   |  (Medium_LH_EFCalo_Pf) 
---------------------------------------  Baseline  ---------------------------------------
   99.807          95.053           9.585     |@@@@@@@@@@@@@@@@@@@@@@@@@@@@@@@@@@@@@@@@@@@
..........................................................................................
99.758+-0.000   95.587+-0.004    8.496+-0.007 |@@@@@@@@@@@@@@@@@@@@@@@@@@@@@@@@@@@@@@@@@@@
-----------------------------------  Eta (1) | Et (0)  -----------------------------------
   Pd (%)          SP (%)          Pf (%)     |        cut        |  (ReferenceBenchmark)  
----------------------------------------  Ringer  ----------------------------------------
99.754+-0.010   91.360+-0.786   16.662+-1.503 |   -0.827+-0.054   |  (Medium_LH_EFCalo_Pd) 
97.183+-0.820   93.926+-0.555    9.272+-1.109 |   -0.043+-0.154   |  (Medium_MaxSP) 
97.704+-0.905   93.478+-0.439   10.654+-0.047 |   -0.184+-0.171   |  (Medium_LH_EFCalo_Pf) 
---------------------------------------  Baseline  ---------------------------------------
   99.755          94.449          10.712     |@@@@@@@@@@@@@@@@@@@@@@@@@@@@@@@@@@@@@@@@@@@
..........................................................................................
99.681+-0.000   94.075+-0.008   11.369+-0.016 |@@@@@@@@@@@@@@@@@@@@@@@@@@@@@@@@@@@@@@@@@@@
-----------------------------------  Eta (2) | Et (0)  -----------------------------------
   Pd (%)          SP (%)          Pf (%)     |        cut        |  (ReferenceBenchmark)  
----------------------------------------  Ringer  ----------------------------------------
95.720+-0.004   88.939+-2.328   17.561+-4.490 |   -0.207+-0.159   |  (Medium_LH_EFCalo_Pd) 
91.567+-2.595   90.661+-1.954   10.207+-3.676 |    0.126+-0.216   |  (Medium_MaxSP) 
96.636+-2.684   82.014+-1.181   31.397+-0.259 |   -0.403+-0.291   |  (Medium_LH_EFCalo_Pf) 
---------------------------------------  Baseline  ---------------------------------------
   95.720          81.383          31.788     |@@@@@@@@@@@@@@@@@@@@@@@@@@@@@@@@@@@@@@@@@@@
..........................................................................................
95.971+-0.004   80.807+-0.151   33.049+-0.273 |@@@@@@@@@@@@@@@@@@@@@@@@@@@@@@@@@@@@@@@@@@@
-----------------------------------  Eta (3) | Et (0)  -----------------------------------
   Pd (%)          SP (%)          Pf (%)     |        cut        |  (ReferenceBenchmark)  
----------------------------------------  Ringer  ----------------------------------------
98.610+-0.014   89.706+-0.306   18.776+-0.583 |   -0.450+-0.054   |  (Medium_LH_EFCalo_Pd) 
95.710+-0.691   91.079+-0.385   13.433+-1.024 |   -0.047+-0.086   |  (Medium_MaxSP) 
95.667+-0.717   90.698+-0.352   14.137+-0.018 |   -0.046+-0.071   |  (Medium_LH_EFCalo_Pf) 
---------------------------------------  Baseline  ---------------------------------------
   98.611          92.126          14.138     |@@@@@@@@@@@@@@@@@@@@@@@@@@@@@@@@@@@@@@@@@@@
..........................................................................................
98.742+-0.000   92.435+-0.006   13.664+-0.011 |@@@@@@@@@@@@@@@@@@@@@@@@@@@@@@@@@@@@@@@@@@@
-----------------------------------  Starting new Et  ------------------------------------
-----------------------------------  Eta (0) | Et (1)  -----------------------------------
   Pd (%)          SP (%)          Pf (%)     |        cut        |  (ReferenceBenchmark)  
----------------------------------------  Ringer  ----------------------------------------
99.919+-0.011   89.381+-1.309   20.558+-2.466 |   -0.935+-0.040   |  (Medium_LH_EFCalo_Pd) 
97.044+-0.850   95.044+-0.829    6.930+-1.631 |    0.064+-0.226   |  (Medium_MaxSP) 
97.054+-1.579   92.996+-0.775   10.972+-0.032 |   -0.116+-0.275   |  (Medium_LH_EFCalo_Pf) 
---------------------------------------  Baseline  ---------------------------------------
   99.923          94.480          10.811     |@@@@@@@@@@@@@@@@@@@@@@@@@@@@@@@@@@@@@@@@@@@
..........................................................................................
99.923+-0.000   95.047+-0.015    9.706+-0.028 |@@@@@@@@@@@@@@@@@@@@@@@@@@@@@@@@@@@@@@@@@@@
-----------------------------------  Eta (1) | Et (1)  -----------------------------------
   Pd (%)          SP (%)          Pf (%)     |        cut        |  (ReferenceBenchmark)  
----------------------------------------  Ringer  ----------------------------------------
99.901+-0.007   87.345+-1.513   24.352+-2.820 |   -0.915+-0.040   |  (Medium_LH_EFCalo_Pd) 
96.539+-0.920   93.780+-0.938    8.933+-1.889 |   -0.067+-0.186   |  (Medium_MaxSP) 
96.192+-2.414   90.944+-1.170   14.149+-0.102 |   -0.197+-0.286   |  (Medium_LH_EFCalo_Pf) 
---------------------------------------  Baseline  ---------------------------------------
   99.905          92.659          14.315     |@@@@@@@@@@@@@@@@@@@@@@@@@@@@@@@@@@@@@@@@@@@
..........................................................................................
99.901+-0.000   94.827+-0.053   10.115+-0.103 |@@@@@@@@@@@@@@@@@@@@@@@@@@@@@@@@@@@@@@@@@@@
-----------------------------------  Eta (2) | Et (1)  -----------------------------------
   Pd (%)          SP (%)          Pf (%)     |        cut        |  (ReferenceBenchmark)  
----------------------------------------  Ringer  ----------------------------------------
98.108+-0.036   77.816+-4.397   39.969+-7.740 |   -0.578+-0.234   |  (Medium_LH_EFCalo_Pd) 
88.500+-3.768   88.889+-2.728   10.641+-5.333 |    0.053+-0.271   |  (Medium_MaxSP) 
98.261+-1.715   67.655+-0.749   57.157+-0.621 |   -0.565+-0.304   |  (Medium_LH_EFCalo_Pf) 
---------------------------------------  Baseline  ---------------------------------------
   98.114          67.413          57.447     |@@@@@@@@@@@@@@@@@@@@@@@@@@@@@@@@@@@@@@@@@@@
..........................................................................................
97.937+-0.001   65.593+-0.518   60.164+-0.797 |@@@@@@@@@@@@@@@@@@@@@@@@@@@@@@@@@@@@@@@@@@@
-----------------------------------  Eta (3) | Et (1)  -----------------------------------
   Pd (%)          SP (%)          Pf (%)     |        cut        |  (ReferenceBenchmark)  
----------------------------------------  Ringer  ----------------------------------------
98.957+-0.007   86.245+-0.906   25.586+-1.683 |   -0.642+-0.040   |  (Medium_LH_EFCalo_Pd) 
93.665+-1.819   89.970+-0.823   13.630+-2.320 |   -0.015+-0.138   |  (Medium_MaxSP) 
95.826+-1.464   87.929+-0.709   19.627+-0.085 |   -0.215+-0.167   |  (Medium_LH_EFCalo_Pf) 
---------------------------------------  Baseline  ---------------------------------------
   98.958          89.468          19.543     |@@@@@@@@@@@@@@@@@@@@@@@@@@@@@@@@@@@@@@@@@@@
..........................................................................................
99.006+-0.000   91.254+-0.018   16.181+-0.034 |@@@@@@@@@@@@@@@@@@@@@@@@@@@@@@@@@@@@@@@@@@@
-----------------------------------  Starting new Et  ------------------------------------
-----------------------------------  Eta (0) | Et (2)  -----------------------------------
   Pd (%)          SP (%)          Pf (%)     |        cut        |  (ReferenceBenchmark)  
----------------------------------------  Ringer  ----------------------------------------
99.955+-0.007   92.191+-1.841   15.240+-3.526 |   -0.909+-0.075   |  (Medium_LH_EFCalo_Pd) 
98.234+-0.991   95.518+-1.096    7.149+-2.316 |   -0.080+-0.290   |  (Medium_MaxSP) 
98.631+-1.585   94.415+-0.776    9.706+-0.038 |   -0.285+-0.403   |  (Medium_LH_EFCalo_Pf) 
---------------------------------------  Baseline  ---------------------------------------
   99.956          95.062           9.709     |@@@@@@@@@@@@@@@@@@@@@@@@@@@@@@@@@@@@@@@@@@@
..........................................................................................
99.967+-0.000   96.722+-0.013    6.470+-0.025 |@@@@@@@@@@@@@@@@@@@@@@@@@@@@@@@@@@@@@@@@@@@
-----------------------------------  Eta (1) | Et (2)  -----------------------------------
   Pd (%)          SP (%)          Pf (%)     |        cut        |  (ReferenceBenchmark)  
----------------------------------------  Ringer  ----------------------------------------
99.935+-0.012   87.953+-2.842   23.213+-5.314 |   -0.900+-0.078   |  (Medium_LH_EFCalo_Pd) 
95.122+-2.158   93.426+-1.615    8.241+-2.376 |    0.063+-0.352   |  (Medium_MaxSP) 
93.241+-5.093   89.954+-2.519   13.238+-0.410 |    0.090+-0.325   |  (Medium_LH_EFCalo_Pf) 
---------------------------------------  Baseline  ---------------------------------------
   99.939          93.407          12.903     |@@@@@@@@@@@@@@@@@@@@@@@@@@@@@@@@@@@@@@@@@@@
..........................................................................................
99.980+-0.000   94.643+-0.219   10.546+-0.426 |@@@@@@@@@@@@@@@@@@@@@@@@@@@@@@@@@@@@@@@@@@@
-----------------------------------  Eta (2) | Et (2)  -----------------------------------
   Pd (%)          SP (%)          Pf (%)     |        cut        |  (ReferenceBenchmark)  
----------------------------------------  Ringer  ----------------------------------------
98.424+-0.026   86.242+-4.999   24.975+-9.236 |   -0.509+-0.167   |  (Medium_LH_EFCalo_Pd) 
92.692+-4.784   91.050+-3.021   10.507+-4.603 |    0.036+-0.465   |  (Medium_MaxSP) 
93.766+-5.995   77.787+-2.752   36.645+-1.572 |   -0.195+-0.382   |  (Medium_LH_EFCalo_Pf) 
---------------------------------------  Baseline  ---------------------------------------
   98.412          79.599          37.209     |@@@@@@@@@@@@@@@@@@@@@@@@@@@@@@@@@@@@@@@@@@@
..........................................................................................
98.752+-0.000   81.523+-0.833   34.043+-1.501 |@@@@@@@@@@@@@@@@@@@@@@@@@@@@@@@@@@@@@@@@@@@
-----------------------------------  Eta (3) | Et (2)  -----------------------------------
   Pd (%)          SP (%)          Pf (%)     |        cut        |  (ReferenceBenchmark)  
----------------------------------------  Ringer  ----------------------------------------
99.081+-0.008   90.586+-1.289   17.519+-2.456 |   -0.526+-0.121   |  (Medium_LH_EFCalo_Pd) 
96.176+-1.323   92.508+-1.084   11.074+-2.428 |   -0.103+-0.197   |  (Medium_MaxSP) 
94.826+-2.724   89.936+-1.327   14.815+-0.000 |   -0.039+-0.225   |  (Medium_LH_EFCalo_Pf) 
---------------------------------------  Baseline  ---------------------------------------
   99.081          91.809          15.185     |@@@@@@@@@@@@@@@@@@@@@@@@@@@@@@@@@@@@@@@@@@@
..........................................................................................
99.112+-0.000   93.931+-0.000   11.111+-0.000 |@@@@@@@@@@@@@@@@@@@@@@@@@@@@@@@@@@@@@@@@@@@
-----------------------------------  Starting new Et  ------------------------------------
-----------------------------------  Eta (0) | Et (3)  -----------------------------------
   Pd (%)          SP (%)          Pf (%)     |        cut        |  (ReferenceBenchmark)  
----------------------------------------  Ringer  ----------------------------------------
99.961+-0.009   97.981+-0.560    3.977+-1.102 |   -0.934+-0.079   |  (Medium_LH_EFCalo_Pd) 
99.431+-0.274   99.045+-0.169    1.340+-0.434 |    0.149+-0.407   |  (Medium_MaxSP) 
99.831+-0.111   98.628+-0.055    2.569+-0.004 |   -0.516+-0.286   |  (Medium_LH_EFCalo_Pf) 
---------------------------------------  Baseline  ---------------------------------------
   99.968          98.739           2.483     |@@@@@@@@@@@@@@@@@@@@@@@@@@@@@@@@@@@@@@@@@@@
..........................................................................................
99.955+-0.000   98.258+-0.002    3.425+-0.005 |@@@@@@@@@@@@@@@@@@@@@@@@@@@@@@@@@@@@@@@@@@@
-----------------------------------  Eta (1) | Et (3)  -----------------------------------
   Pd (%)          SP (%)          Pf (%)     |        cut        |  (ReferenceBenchmark)  
----------------------------------------  Ringer  ----------------------------------------
99.963+-0.009   95.550+-0.704    8.761+-1.377 |   -0.938+-0.058   |  (Medium_LH_EFCalo_Pd) 
99.137+-0.400   97.718+-0.454    3.689+-0.856 |   -0.060+-0.353   |  (Medium_MaxSP) 
98.434+-0.963   96.573+-0.479    5.269+-0.008 |   -0.041+-0.372   |  (Medium_LH_EFCalo_Pf) 
---------------------------------------  Baseline  ---------------------------------------
   99.967          97.397           5.138     |@@@@@@@@@@@@@@@@@@@@@@@@@@@@@@@@@@@@@@@@@@@
..........................................................................................
99.967+-0.000   96.159+-0.006    7.575+-0.012 |@@@@@@@@@@@@@@@@@@@@@@@@@@@@@@@@@@@@@@@@@@@
-----------------------------------  Eta (2) | Et (3)  -----------------------------------
   Pd (%)          SP (%)          Pf (%)     |        cut        |  (ReferenceBenchmark)  
----------------------------------------  Ringer  ----------------------------------------
98.699+-0.026   96.008+-1.464    6.636+-2.887 |   -0.301+-0.276   |  (Medium_LH_EFCalo_Pd) 
97.509+-1.499   97.197+-1.383    3.103+-2.387 |   -0.099+-0.391   |  (Medium_MaxSP) 
96.443+-5.275   93.067+-2.642   10.212+-0.171 |   -0.272+-0.339   |  (Medium_LH_EFCalo_Pf) 
---------------------------------------  Baseline  ---------------------------------------
   98.691          94.191          10.204     |@@@@@@@@@@@@@@@@@@@@@@@@@@@@@@@@@@@@@@@@@@@
..........................................................................................
98.450+-0.001   96.664+-0.043    5.106+-0.086 |@@@@@@@@@@@@@@@@@@@@@@@@@@@@@@@@@@@@@@@@@@@
-----------------------------------  Eta (3) | Et (3)  -----------------------------------
   Pd (%)          SP (%)          Pf (%)     |        cut        |  (ReferenceBenchmark)  
----------------------------------------  Ringer  ----------------------------------------
99.283+-0.006   97.096+-0.401    5.066+-0.794 |   -0.277+-0.113   |  (Medium_LH_EFCalo_Pd) 
98.958+-0.339   97.322+-0.406    4.298+-0.854 |   -0.084+-0.215   |  (Medium_MaxSP) 
98.917+-0.767   96.986+-0.381    4.926+-0.011 |   -0.122+-0.378   |  (Medium_LH_EFCalo_Pf) 
---------------------------------------  Baseline  ---------------------------------------
   99.282          97.192           4.876     |@@@@@@@@@@@@@@@@@@@@@@@@@@@@@@@@@@@@@@@@@@@
..........................................................................................
99.369+-0.000   96.685+-0.006    5.963+-0.013 |@@@@@@@@@@@@@@@@@@@@@@@@@@@@@@@@@@@@@@@@@@@
==========================================================================================
=================================  Medium ( Operation )  =================================
-----------------------------------  Starting new Et  ------------------------------------
-----------------------------------  Eta (0) | Et (0)  -----------------------------------
   Pd (%)          SP (%)          Pf (%)     |        cut        |  (ReferenceBenchmark)  
----------------------------------------  Ringer  ----------------------------------------
   99.800          92.239          15.024     |      -0.905       |  (Medium_LH_EFCalo_Pd) 
   97.575          95.891           5.778     |      -0.060       |  (Medium_MaxSP) 
   99.226          94.769           9.585     |      -0.515       |  (Medium_LH_EFCalo_Pf) 
---------------------------------------  Baseline  ---------------------------------------
   99.807          95.053           9.585     |@@@@@@@@@@@@@@@@@@@@@@@@@@@@@@@@@@@@@@@@@@@
-----------------------------------  Eta (1) | Et (0)  -----------------------------------
   Pd (%)          SP (%)          Pf (%)     |        cut        |  (ReferenceBenchmark)  
----------------------------------------  Ringer  ----------------------------------------
   99.765          92.099          15.260     |      -0.810       |  (Medium_LH_EFCalo_Pd) 
   96.900          94.621           7.630     |       0.015       |  (Medium_MaxSP) 
   98.852          94.009          10.712     |      -0.295       |  (Medium_LH_EFCalo_Pf) 
---------------------------------------  Baseline  ---------------------------------------
   99.755          94.449          10.712     |@@@@@@@@@@@@@@@@@@@@@@@@@@@@@@@@@@@@@@@@@@@
-----------------------------------  Eta (2) | Et (0)  -----------------------------------
   Pd (%)          SP (%)          Pf (%)     |        cut        |  (ReferenceBenchmark)  
----------------------------------------  Ringer  ----------------------------------------
   95.720          93.208           9.272     |       0.100       |  (Medium_LH_EFCalo_Pd) 
   95.921          93.642           8.609     |       0.060       |  (Medium_MaxSP) 
   99.698          83.207          31.788     |      -0.855       |  (Medium_LH_EFCalo_Pf) 
---------------------------------------  Baseline  ---------------------------------------
   95.720          81.383          31.788     |@@@@@@@@@@@@@@@@@@@@@@@@@@@@@@@@@@@@@@@@@@@
-----------------------------------  Eta (3) | Et (0)  -----------------------------------
   Pd (%)          SP (%)          Pf (%)     |        cut        |  (ReferenceBenchmark)  
----------------------------------------  Ringer  ----------------------------------------
   98.592          90.277          17.672     |      -0.455       |  (Medium_LH_EFCalo_Pd) 
   95.368          91.686          11.923     |       0.040       |  (Medium_MaxSP) 
   96.878          91.287          14.138     |      -0.140       |  (Medium_LH_EFCalo_Pf) 
---------------------------------------  Baseline  ---------------------------------------
   98.611          92.126          14.138     |@@@@@@@@@@@@@@@@@@@@@@@@@@@@@@@@@@@@@@@@@@@
-----------------------------------  Starting new Et  ------------------------------------
-----------------------------------  Eta (0) | Et (1)  -----------------------------------
   Pd (%)          SP (%)          Pf (%)     |        cut        |  (ReferenceBenchmark)  
----------------------------------------  Ringer  ----------------------------------------
   99.920          91.055          17.399     |      -0.870       |  (Medium_LH_EFCalo_Pd) 
   97.674          96.128           5.405     |       0.090       |  (Medium_MaxSP) 
   99.466          94.257          10.811     |      -0.670       |  (Medium_LH_EFCalo_Pf) 
---------------------------------------  Baseline  ---------------------------------------
   99.923          94.480          10.811     |@@@@@@@@@@@@@@@@@@@@@@@@@@@@@@@@@@@@@@@@@@@
-----------------------------------  Eta (1) | Et (1)  -----------------------------------
   Pd (%)          SP (%)          Pf (%)     |        cut        |  (ReferenceBenchmark)  
----------------------------------------  Ringer  ----------------------------------------
   99.905          87.980          23.185     |      -0.885       |  (Medium_LH_EFCalo_Pd) 
   96.930          94.926           7.056     |      -0.105       |  (Medium_MaxSP) 
   99.500          92.463          14.315     |      -0.635       |  (Medium_LH_EFCalo_Pf) 
---------------------------------------  Baseline  ---------------------------------------
   99.905          92.659          14.315     |@@@@@@@@@@@@@@@@@@@@@@@@@@@@@@@@@@@@@@@@@@@
-----------------------------------  Eta (2) | Et (1)  -----------------------------------
   Pd (%)          SP (%)          Pf (%)     |        cut        |  (ReferenceBenchmark)  
----------------------------------------  Ringer  ----------------------------------------
   98.114          83.579          29.787     |      -0.720       |  (Medium_LH_EFCalo_Pd) 
   90.787          92.196           6.383     |      -0.090       |  (Medium_MaxSP) 
   99.865          68.133          57.447     |      -0.925       |  (Medium_LH_EFCalo_Pf) 
---------------------------------------  Baseline  ---------------------------------------
   98.114          67.413          57.447     |@@@@@@@@@@@@@@@@@@@@@@@@@@@@@@@@@@@@@@@@@@@
-----------------------------------  Eta (3) | Et (1)  -----------------------------------
   Pd (%)          SP (%)          Pf (%)     |        cut        |  (ReferenceBenchmark)  
----------------------------------------  Ringer  ----------------------------------------
   98.955          86.971          24.239     |      -0.680       |  (Medium_LH_EFCalo_Pd) 
   91.925          90.564          10.787     |       0.110       |  (Medium_MaxSP) 
   97.549          88.797          19.543     |      -0.395       |  (Medium_LH_EFCalo_Pf) 
---------------------------------------  Baseline  ---------------------------------------
   98.958          89.468          19.543     |@@@@@@@@@@@@@@@@@@@@@@@@@@@@@@@@@@@@@@@@@@@
-----------------------------------  Starting new Et  ------------------------------------
-----------------------------------  Eta (0) | Et (2)  -----------------------------------
   Pd (%)          SP (%)          Pf (%)     |        cut        |  (ReferenceBenchmark)  
----------------------------------------  Ringer  ----------------------------------------
   99.956          92.554          14.563     |      -0.795       |  (Medium_LH_EFCalo_Pd) 
   98.844          96.823           5.178     |      -0.245       |  (Medium_MaxSP) 
   99.690          94.933           9.709     |      -0.640       |  (Medium_LH_EFCalo_Pf) 
---------------------------------------  Baseline  ---------------------------------------
   99.956          95.062           9.709     |@@@@@@@@@@@@@@@@@@@@@@@@@@@@@@@@@@@@@@@@@@@
-----------------------------------  Eta (1) | Et (2)  -----------------------------------
   Pd (%)          SP (%)          Pf (%)     |        cut        |  (ReferenceBenchmark)  
----------------------------------------  Ringer  ----------------------------------------
   99.939          89.464          20.430     |      -0.910       |  (Medium_LH_EFCalo_Pd) 
   97.543          95.264           6.989     |      -0.490       |  (Medium_MaxSP) 
   99.270          93.084          12.903     |      -0.760       |  (Medium_LH_EFCalo_Pf) 
---------------------------------------  Baseline  ---------------------------------------
   99.939          93.407          12.903     |@@@@@@@@@@@@@@@@@@@@@@@@@@@@@@@@@@@@@@@@@@@
-----------------------------------  Eta (2) | Et (2)  -----------------------------------
   Pd (%)          SP (%)          Pf (%)     |        cut        |  (ReferenceBenchmark)  
----------------------------------------  Ringer  ----------------------------------------
   98.435          92.136          13.953     |      -0.180       |  (Medium_LH_EFCalo_Pd) 
   93.852          94.599           4.651     |       0.320       |  (Medium_MaxSP) 
   99.909          80.270          37.209     |      -0.925       |  (Medium_LH_EFCalo_Pf) 
---------------------------------------  Baseline  ---------------------------------------
   98.412          79.599          37.209     |@@@@@@@@@@@@@@@@@@@@@@@@@@@@@@@@@@@@@@@@@@@
-----------------------------------  Eta (3) | Et (2)  -----------------------------------
   Pd (%)          SP (%)          Pf (%)     |        cut        |  (ReferenceBenchmark)  
----------------------------------------  Ringer  ----------------------------------------
   99.084          92.195          14.444     |      -0.430       |  (Medium_LH_EFCalo_Pd) 
   97.582          93.753          10.000     |      -0.175       |  (Medium_MaxSP) 
   99.013          91.777          15.185     |      -0.415       |  (Medium_LH_EFCalo_Pf) 
---------------------------------------  Baseline  ---------------------------------------
   99.081          91.809          15.185     |@@@@@@@@@@@@@@@@@@@@@@@@@@@@@@@@@@@@@@@@@@@
-----------------------------------  Starting new Et  ------------------------------------
-----------------------------------  Eta (0) | Et (3)  -----------------------------------
   Pd (%)          SP (%)          Pf (%)     |        cut        |  (ReferenceBenchmark)  
----------------------------------------  Ringer  ----------------------------------------
   99.941          98.510           2.911     |      -0.995       |  (Medium_LH_EFCalo_Pd) 
   99.524          99.377           0.771     |       0.150       |  (Medium_MaxSP) 
   99.941          98.725           2.483     |      -0.740       |  (Medium_LH_EFCalo_Pf) 
---------------------------------------  Baseline  ---------------------------------------
   99.968          98.739           2.483     |@@@@@@@@@@@@@@@@@@@@@@@@@@@@@@@@@@@@@@@@@@@
-----------------------------------  Eta (1) | Et (3)  -----------------------------------
   Pd (%)          SP (%)          Pf (%)     |        cut        |  (ReferenceBenchmark)  
----------------------------------------  Ringer  ----------------------------------------
   99.967          96.595           6.719     |      -0.850       |  (Medium_LH_EFCalo_Pd) 
   99.049          98.271           2.503     |       0.175       |  (Medium_MaxSP) 
   99.873          97.351           5.138     |      -0.660       |  (Medium_LH_EFCalo_Pf) 
---------------------------------------  Baseline  ---------------------------------------
   99.967          97.397           5.138     |@@@@@@@@@@@@@@@@@@@@@@@@@@@@@@@@@@@@@@@@@@@
-----------------------------------  Eta (2) | Et (3)  -----------------------------------
   Pd (%)          SP (%)          Pf (%)     |        cut        |  (ReferenceBenchmark)  
----------------------------------------  Ringer  ----------------------------------------
   98.691          97.813           3.061     |      -0.290       |  (Medium_LH_EFCalo_Pd) 
   98.312          98.645           1.020     |      -0.240       |  (Medium_MaxSP) 
   99.724          94.695          10.204     |      -0.955       |  (Medium_LH_EFCalo_Pf) 
---------------------------------------  Baseline  ---------------------------------------
   98.691          94.191          10.204     |@@@@@@@@@@@@@@@@@@@@@@@@@@@@@@@@@@@@@@@@@@@
-----------------------------------  Eta (3) | Et (3)  -----------------------------------
   Pd (%)          SP (%)          Pf (%)     |        cut        |  (ReferenceBenchmark)  
----------------------------------------  Ringer  ----------------------------------------
   99.287          97.457           4.357     |      -0.255       |  (Medium_LH_EFCalo_Pd) 
   98.772          97.619           3.527     |      -0.125       |  (Medium_MaxSP) 
   99.510          97.305           4.876     |      -0.450       |  (Medium_LH_EFCalo_Pf) 
---------------------------------------  Baseline  ---------------------------------------
   99.282          97.192           4.876     |@@@@@@@@@@@@@@@@@@@@@@@@@@@@@@@@@@@@@@@@@@@
==========================================================================================
